# JRE version: OpenJDK Runtime Environment (8.0_202-b03) (build 1.8.0_202-release-1483-b03)
# Java VM: OpenJDK 64-Bit Server VM (25.202-b03 mixed mode windows-amd64 compressed oops)
Heap:
 PSYoungGen      total 187904K, used 1596K [0x00000000e0000000, 0x00000000ee500000, 0x0000000100000000)
  eden space 169472K, 0% used [0x00000000e0000000,0x00000000e0000000,0x00000000ea580000)
  from space 18432K, 8% used [0x00000000eb800000,0x00000000eb98f3f8,0x00000000eca00000)
  to   space 18944K, 0% used [0x00000000ea580000,0x00000000ea580000,0x00000000eb800000)
 ParOldGen       total 89600K, used 33280K [0x00000000a0000000, 0x00000000a5780000, 0x00000000e0000000)
  object space 89600K, 37% used [0x00000000a0000000,0x00000000a20803e8,0x00000000a5780000)
 Metaspace       used 57344K, capacity 58814K, committed 58968K, reserved 1099776K
  class space    used 7791K, capacity 8194K, committed 8320K, reserved 1048576K
GC Heap History (10 events):
Event: 21.060 GC heap after
Heap after GC invocations=10 (full 1):
 PSYoungGen      total 118784K, used 10399K [0x00000000e0000000, 0x00000000ea880000, 0x0000000100000000)
  eden space 108032K, 0% used [0x00000000e0000000,0x00000000e0000000,0x00000000e6980000)
  from space 10752K, 96% used [0x00000000e6980000,0x00000000e73a7d38,0x00000000e7400000)
  to   space 11776K, 0% used [0x00000000e9d00000,0x00000000e9d00000,0x00000000ea880000)
 ParOldGen       total 57344K, used 8024K [0x00000000a0000000, 0x00000000a3800000, 0x00000000e0000000)
  object space 57344K, 13% used [0x00000000a0000000,0x00000000a07d60a0,0x00000000a3800000)
 Metaspace       used 34583K, capacity 35196K, committed 35416K, reserved 1079296K
  class space    used 4752K, capacity 4935K, committed 4992K, reserved 1048576K
}
Event: 21.060 GC heap before
{Heap before GC invocations=11 (full 2):
 PSYoungGen      total 118784K, used 10399K [0x00000000e0000000, 0x00000000ea880000, 0x0000000100000000)
  eden space 108032K, 0% used [0x00000000e0000000,0x00000000e0000000,0x00000000e6980000)
  from space 10752K, 96% used [0x00000000e6980000,0x00000000e73a7d38,0x00000000e7400000)
  to   space 11776K, 0% used [0x00000000e9d00000,0x00000000e9d00000,0x00000000ea880000)
 ParOldGen       total 57344K, used 8024K [0x00000000a0000000, 0x00000000a3800000, 0x00000000e0000000)
  object space 57344K, 13% used [0x00000000a0000000,0x00000000a07d60a0,0x00000000a3800000)
 Metaspace       used 34583K, capacity 35196K, committed 35416K, reserved 1079296K
  class space    used 4752K, capacity 4935K, committed 4992K, reserved 1048576K
Event: 21.336 GC heap after
Heap after GC invocations=11 (full 2):
 PSYoungGen      total 118784K, used 0K [0x00000000e0000000, 0x00000000ea880000, 0x0000000100000000)
  eden space 108032K, 0% used [0x00000000e0000000,0x00000000e0000000,0x00000000e6980000)
  from space 10752K, 0% used [0x00000000e6980000,0x00000000e6980000,0x00000000e7400000)
  to   space 11776K, 0% used [0x00000000e9d00000,0x00000000e9d00000,0x00000000ea880000)
 ParOldGen       total 89600K, used 17094K [0x00000000a0000000, 0x00000000a5780000, 0x00000000e0000000)
  object space 89600K, 19% used [0x00000000a0000000,0x00000000a10b19c8,0x00000000a5780000)
 Metaspace       used 34580K, capacity 35184K, committed 35416K, reserved 1079296K
  class space    used 4751K, capacity 4933K, committed 4992K, reserved 1048576K
}
Event: 28.984 GC heap before
{Heap before GC invocations=12 (full 2):
 PSYoungGen      total 118784K, used 108032K [0x00000000e0000000, 0x00000000ea880000, 0x0000000100000000)
  eden space 108032K, 100% used [0x00000000e0000000,0x00000000e6980000,0x00000000e6980000)
  from space 10752K, 0% used [0x00000000e6980000,0x00000000e6980000,0x00000000e7400000)
  to   space 11776K, 0% used [0x00000000e9d00000,0x00000000e9d00000,0x00000000ea880000)
 ParOldGen       total 89600K, used 17094K [0x00000000a0000000, 0x00000000a5780000, 0x00000000e0000000)
  object space 89600K, 19% used [0x00000000a0000000,0x00000000a10b19c8,0x00000000a5780000)
 Metaspace       used 45166K, capacity 46128K, committed 46552K, reserved 1089536K
  class space    used 6085K, capacity 6357K, committed 6400K, reserved 1048576K
Event: 29.041 GC heap after
Heap after GC invocations=12 (full 2):
 PSYoungGen      total 148480K, used 11764K [0x00000000e0000000, 0x00000000ea880000, 0x0000000100000000)
  eden space 136704K, 0% used [0x00000000e0000000,0x00000000e0000000,0x00000000e8580000)
  from space 11776K, 99% used [0x00000000e9d00000,0x00000000ea87d2b8,0x00000000ea880000)
  to   space 14336K, 0% used [0x00000000e8c80000,0x00000000e8c80000,0x00000000e9a80000)
 ParOldGen       total 89600K, used 20025K [0x00000000a0000000, 0x00000000a5780000, 0x00000000e0000000)
  object space 89600K, 22% used [0x00000000a0000000,0x00000000a138e480,0x00000000a5780000)
 Metaspace       used 45166K, capacity 46128K, committed 46552K, reserved 1089536K
  class space    used 6085K, capacity 6357K, committed 6400K, reserved 1048576K
}
Event: 41.579 GC heap before
{Heap before GC invocations=13 (full 2):
 PSYoungGen      total 148480K, used 148468K [0x00000000e0000000, 0x00000000ea880000, 0x0000000100000000)
  eden space 136704K, 100% used [0x00000000e0000000,0x00000000e8580000,0x00000000e8580000)
  from space 11776K, 99% used [0x00000000e9d00000,0x00000000ea87d2b8,0x00000000ea880000)
  to   space 14336K, 0% used [0x00000000e8c80000,0x00000000e8c80000,0x00000000e9a80000)
 ParOldGen       total 89600K, used 20025K [0x00000000a0000000, 0x00000000a5780000, 0x00000000e0000000)
  object space 89600K, 22% used [0x00000000a0000000,0x00000000a138e480,0x00000000a5780000)
 Metaspace       used 56548K, capacity 58038K, committed 58328K, reserved 1099776K
  class space    used 7684K, capacity 8070K, committed 8192K, reserved 1048576K
Event: 41.647 GC heap after
Heap after GC invocations=13 (full 2):
 PSYoungGen      total 158208K, used 14315K [0x00000000e0000000, 0x00000000eca00000, 0x0000000100000000)
  eden space 143872K, 0% used [0x00000000e0000000,0x00000000e0000000,0x00000000e8c80000)
  from space 14336K, 99% used [0x00000000e8c80000,0x00000000e9a7aef8,0x00000000e9a80000)
  to   space 18432K, 0% used [0x00000000eb800000,0x00000000eb800000,0x00000000eca00000)
 ParOldGen       total 89600K, used 27596K [0x00000000a0000000, 0x00000000a5780000, 0x00000000e0000000)
  object space 89600K, 30% used [0x00000000a0000000,0x00000000a1af31f0,0x00000000a5780000)
 Metaspace       used 56548K, capacity 58038K, committed 58328K, reserved 1099776K
  class space    used 7684K, capacity 8070K, committed 8192K, reserved 1048576K
}
Event: 42.314 GC heap before
{Heap before GC invocations=14 (full 2):
 PSYoungGen      total 158208K, used 28315K [0x00000000e0000000, 0x00000000eca00000, 0x0000000100000000)
  eden space 143872K, 9% used [0x00000000e0000000,0x00000000e0dabf30,0x00000000e8c80000)
  from space 14336K, 99% used [0x00000000e8c80000,0x00000000e9a7aef8,0x00000000e9a80000)
  to   space 18432K, 0% used [0x00000000eb800000,0x00000000eb800000,0x00000000eca00000)
 ParOldGen       total 89600K, used 27596K [0x00000000a0000000, 0x00000000a5780000, 0x00000000e0000000)
  object space 89600K, 30% used [0x00000000a0000000,0x00000000a1af31f0,0x00000000a5780000)
 Metaspace       used 57344K, capacity 58814K, committed 58968K, reserved 1099776K
  class space    used 7791K, capacity 8194K, committed 8320K, reserved 1048576K
Event: 42.362 GC heap after
Heap after GC invocations=14 (full 2):
 PSYoungGen      total 187904K, used 1596K [0x00000000e0000000, 0x00000000ee500000, 0x0000000100000000)
  eden space 169472K, 0% used [0x00000000e0000000,0x00000000e0000000,0x00000000ea580000)
  from space 18432K, 8% used [0x00000000eb800000,0x00000000eb98f3f8,0x00000000eca00000)
  to   space 18944K, 0% used [0x00000000ea580000,0x00000000ea580000,0x00000000eb800000)
 ParOldGen       total 89600K, used 33280K [0x00000000a0000000, 0x00000000a5780000, 0x00000000e0000000)
  object space 89600K, 37% used [0x00000000a0000000,0x00000000a20803e8,0x00000000a5780000)
 Metaspace       used 57344K, capacity 58814K, committed 58968K, reserved 1099776K
  class space    used 7791K, capacity 8194K, committed 8320K, reserved 1048576K
}
Event: 42.362 GC heap before
{Heap before GC invocations=15 (full 3):
 PSYoungGen      total 187904K, used 1596K [0x00000000e0000000, 0x00000000ee500000, 0x0000000100000000)
  eden space 169472K, 0% used [0x00000000e0000000,0x00000000e0000000,0x00000000ea580000)
  from space 18432K, 8% used [0x00000000eb800000,0x00000000eb98f3f8,0x00000000eca00000)
  to   space 18944K, 0% used [0x00000000ea580000,0x00000000ea580000,0x00000000eb800000)
 ParOldGen       total 89600K, used 33280K [0x00000000a0000000, 0x00000000a5780000, 0x00000000e0000000)
  object space 89600K, 37% used [0x00000000a0000000,0x00000000a20803e8,0x00000000a5780000)
 Metaspace       used 57344K, capacity 58814K, committed 58968K, reserved 1099776K
  class space    used 7791K, capacity 8194K, committed 8320K, reserved 1048576K

