# JRE version: OpenJDK Runtime Environment (8.0_202-b03) (build 1.8.0_202-release-1483-b03)
# Java VM: OpenJDK 64-Bit Server VM (25.202-b03 mixed mode windows-amd64 compressed oops)
Heap:
 PSYoungGen      total 218112K, used 104758K [0x00000000e0000000, 0x00000000efa80000, 0x0000000100000000)
  eden space 195072K, 45% used [0x00000000e0000000,0x00000000e5701348,0x00000000ebe80000)
  from space 23040K, 67% used [0x00000000ee400000,0x00000000ef34c508,0x00000000efa80000)
  to   space 30720K, 0% used [0x00000000ebe80000,0x00000000ebe80000,0x00000000edc80000)
 ParOldGen       total 125952K, used 52237K [0x00000000a0000000, 0x00000000a7b00000, 0x00000000e0000000)
  object space 125952K, 41% used [0x00000000a0000000,0x00000000a33035c0,0x00000000a7b00000)
 Metaspace       used 90049K, capacity 96266K, committed 96384K, reserved 1132544K
  class space    used 11603K, capacity 12664K, committed 12672K, reserved 1048576K
GC Heap History (10 events):
Event: 3064.627 GC heap before
{Heap before GC invocations=27 (full 3):
 PSYoungGen      total 247296K, used 247281K [0x00000000e0000000, 0x00000000f2380000, 0x0000000100000000)
  eden space 231936K, 100% used [0x00000000e0000000,0x00000000ee280000,0x00000000ee280000)
  from space 15360K, 99% used [0x00000000ef000000,0x00000000efefc508,0x00000000eff00000)
  to   space 30720K, 0% used [0x00000000f0580000,0x00000000f0580000,0x00000000f2380000)
 ParOldGen       total 125952K, used 52197K [0x00000000a0000000, 0x00000000a7b00000, 0x00000000e0000000)
  object space 125952K, 41% used [0x00000000a0000000,0x00000000a32f95c0,0x00000000a7b00000)
 Metaspace       used 88231K, capacity 92806K, committed 92928K, reserved 1130496K
  class space    used 11348K, capacity 12200K, committed 12288K, reserved 1048576K
Event: 3064.683 GC heap after
Heap after GC invocations=27 (full 3):
 PSYoungGen      total 244224K, used 20185K [0x00000000e0000000, 0x00000000f1980000, 0x0000000100000000)
  eden space 223744K, 0% used [0x00000000e0000000,0x00000000e0000000,0x00000000eda80000)
  from space 20480K, 98% used [0x00000000f0580000,0x00000000f19367b0,0x00000000f1980000)
  to   space 31232K, 0% used [0x00000000edc80000,0x00000000edc80000,0x00000000efb00000)
 ParOldGen       total 125952K, used 52205K [0x00000000a0000000, 0x00000000a7b00000, 0x00000000e0000000)
  object space 125952K, 41% used [0x00000000a0000000,0x00000000a32fb5c0,0x00000000a7b00000)
 Metaspace       used 88231K, capacity 92806K, committed 92928K, reserved 1130496K
  class space    used 11348K, capacity 12200K, committed 12288K, reserved 1048576K
}
Event: 3140.085 GC heap before
{Heap before GC invocations=28 (full 3):
 PSYoungGen      total 244224K, used 243929K [0x00000000e0000000, 0x00000000f1980000, 0x0000000100000000)
  eden space 223744K, 100% used [0x00000000e0000000,0x00000000eda80000,0x00000000eda80000)
  from space 20480K, 98% used [0x00000000f0580000,0x00000000f19367b0,0x00000000f1980000)
  to   space 31232K, 0% used [0x00000000edc80000,0x00000000edc80000,0x00000000efb00000)
 ParOldGen       total 125952K, used 52205K [0x00000000a0000000, 0x00000000a7b00000, 0x00000000e0000000)
  object space 125952K, 41% used [0x00000000a0000000,0x00000000a32fb5c0,0x00000000a7b00000)
 Metaspace       used 89130K, capacity 94824K, committed 94976K, reserved 1132544K
  class space    used 11524K, capacity 12525K, committed 12544K, reserved 1048576K
Event: 3140.195 GC heap after
Heap after GC invocations=28 (full 3):
 PSYoungGen      total 238080K, used 21873K [0x00000000e0000000, 0x00000000f1100000, 0x0000000100000000)
  eden space 216064K, 0% used [0x00000000e0000000,0x00000000e0000000,0x00000000ed300000)
  from space 22016K, 99% used [0x00000000edc80000,0x00000000ef1dc630,0x00000000ef200000)
  to   space 31744K, 0% used [0x00000000ef200000,0x00000000ef200000,0x00000000f1100000)
 ParOldGen       total 125952K, used 52213K [0x00000000a0000000, 0x00000000a7b00000, 0x00000000e0000000)
  object space 125952K, 41% used [0x00000000a0000000,0x00000000a32fd5c0,0x00000000a7b00000)
 Metaspace       used 89130K, capacity 94824K, committed 94976K, reserved 1132544K
  class space    used 11524K, capacity 12525K, committed 12544K, reserved 1048576K
}
Event: 3178.870 GC heap before
{Heap before GC invocations=29 (full 3):
 PSYoungGen      total 238080K, used 237937K [0x00000000e0000000, 0x00000000f1100000, 0x0000000100000000)
  eden space 216064K, 100% used [0x00000000e0000000,0x00000000ed300000,0x00000000ed300000)
  from space 22016K, 99% used [0x00000000edc80000,0x00000000ef1dc630,0x00000000ef200000)
  to   space 31744K, 0% used [0x00000000ef200000,0x00000000ef200000,0x00000000f1100000)
 ParOldGen       total 125952K, used 52213K [0x00000000a0000000, 0x00000000a7b00000, 0x00000000e0000000)
  object space 125952K, 41% used [0x00000000a0000000,0x00000000a32fd5c0,0x00000000a7b00000)
 Metaspace       used 89492K, capacity 95502K, committed 95616K, reserved 1132544K
  class space    used 11563K, capacity 12594K, committed 12672K, reserved 1048576K
Event: 3178.937 GC heap after
Heap after GC invocations=29 (full 3):
 PSYoungGen      total 234496K, used 21752K [0x00000000e0000000, 0x00000000f0b00000, 0x0000000100000000)
  eden space 208896K, 0% used [0x00000000e0000000,0x00000000e0000000,0x00000000ecc00000)
  from space 25600K, 84% used [0x00000000ef200000,0x00000000f073e2c0,0x00000000f0b00000)
  to   space 32256K, 0% used [0x00000000ecc00000,0x00000000ecc00000,0x00000000eeb80000)
 ParOldGen       total 125952K, used 52221K [0x00000000a0000000, 0x00000000a7b00000, 0x00000000e0000000)
  object space 125952K, 41% used [0x00000000a0000000,0x00000000a32ff5c0,0x00000000a7b00000)
 Metaspace       used 89492K, capacity 95502K, committed 95616K, reserved 1132544K
  class space    used 11563K, capacity 12594K, committed 12672K, reserved 1048576K
}
Event: 3418.758 GC heap before
{Heap before GC invocations=30 (full 3):
 PSYoungGen      total 234496K, used 230648K [0x00000000e0000000, 0x00000000f0b00000, 0x0000000100000000)
  eden space 208896K, 100% used [0x00000000e0000000,0x00000000ecc00000,0x00000000ecc00000)
  from space 25600K, 84% used [0x00000000ef200000,0x00000000f073e2c0,0x00000000f0b00000)
  to   space 32256K, 0% used [0x00000000ecc00000,0x00000000ecc00000,0x00000000eeb80000)
 ParOldGen       total 125952K, used 52221K [0x00000000a0000000, 0x00000000a7b00000, 0x00000000e0000000)
  object space 125952K, 41% used [0x00000000a0000000,0x00000000a32ff5c0,0x00000000a7b00000)
 Metaspace       used 89757K, capacity 95882K, committed 96128K, reserved 1132544K
  class space    used 11597K, capacity 12656K, committed 12672K, reserved 1048576K
Event: 3418.816 GC heap after
Heap after GC invocations=30 (full 3):
 PSYoungGen      total 221696K, used 19702K [0x00000000e0000000, 0x00000000f0300000, 0x0000000100000000)
  eden space 201728K, 0% used [0x00000000e0000000,0x00000000e0000000,0x00000000ec500000)
  from space 19968K, 98% used [0x00000000ecc00000,0x00000000edf3d9b0,0x00000000edf80000)
  to   space 31744K, 0% used [0x00000000ee400000,0x00000000ee400000,0x00000000f0300000)
 ParOldGen       total 125952K, used 52229K [0x00000000a0000000, 0x00000000a7b00000, 0x00000000e0000000)
  object space 125952K, 41% used [0x00000000a0000000,0x00000000a33015c0,0x00000000a7b00000)
 Metaspace       used 89757K, capacity 95882K, committed 96128K, reserved 1132544K
  class space    used 11597K, capacity 12656K, committed 12672K, reserved 1048576K
}
Event: 3468.436 GC heap before
{Heap before GC invocations=31 (full 3):
 PSYoungGen      total 221696K, used 221430K [0x00000000e0000000, 0x00000000f0300000, 0x0000000100000000)
  eden space 201728K, 100% used [0x00000000e0000000,0x00000000ec500000,0x00000000ec500000)
  from space 19968K, 98% used [0x00000000ecc00000,0x00000000edf3d9b0,0x00000000edf80000)
  to   space 31744K, 0% used [0x00000000ee400000,0x00000000ee400000,0x00000000f0300000)
 ParOldGen       total 125952K, used 52229K [0x00000000a0000000, 0x00000000a7b00000, 0x00000000e0000000)
  object space 125952K, 41% used [0x00000000a0000000,0x00000000a33015c0,0x00000000a7b00000)
 Metaspace       used 89983K, capacity 96146K, committed 96384K, reserved 1132544K
  class space    used 11598K, capacity 12656K, committed 12672K, reserved 1048576K
Event: 3468.519 GC heap after
Heap after GC invocations=31 (full 3):
 PSYoungGen      total 218112K, used 15665K [0x00000000e0000000, 0x00000000efa80000, 0x0000000100000000)
  eden space 195072K, 0% used [0x00000000e0000000,0x00000000e0000000,0x00000000ebe80000)
  from space 23040K, 67% used [0x00000000ee400000,0x00000000ef34c508,0x00000000efa80000)
  to   space 30720K, 0% used [0x00000000ebe80000,0x00000000ebe80000,0x00000000edc80000)
 ParOldGen       total 125952K, used 52237K [0x00000000a0000000, 0x00000000a7b00000, 0x00000000e0000000)
  object space 125952K, 41% used [0x00000000a0000000,0x00000000a33035c0,0x00000000a7b00000)
 Metaspace       used 89983K, capacity 96146K, committed 96384K, reserved 1132544K
  class space    used 11598K, capacity 12656K, committed 12672K, reserved 1048576K
}

