# JRE version: OpenJDK Runtime Environment (8.0_202-b03) (build 1.8.0_202-release-1483-b03)
# Java VM: OpenJDK 64-Bit Server VM (25.202-b03 mixed mode windows-amd64 compressed oops)
Heap:
 PSYoungGen      total 407040K, used 369280K [0x00000000e0000000, 0x00000000fb480000, 0x0000000100000000)
  eden space 378368K, 93% used [0x00000000e0000000,0x00000000f599b810,0x00000000f7180000)
  from space 28672K, 53% used [0x00000000f9880000,0x00000000fa784bc8,0x00000000fb480000)
  to   space 34304K, 0% used [0x00000000f7180000,0x00000000f7180000,0x00000000f9300000)
 ParOldGen       total 192512K, used 50463K [0x00000000a0000000, 0x00000000abc00000, 0x00000000e0000000)
  object space 192512K, 26% used [0x00000000a0000000,0x00000000a3147e90,0x00000000abc00000)
 Metaspace       used 103571K, capacity 109226K, committed 109400K, reserved 1144832K
  class space    used 13090K, capacity 14124K, committed 14208K, reserved 1048576K
GC Heap History (10 events):
Event: 7061.147 GC heap before
{Heap before GC invocations=28 (full 4):
 PSYoungGen      total 213504K, used 195361K [0x00000000e0000000, 0x00000000f2f80000, 0x0000000100000000)
  eden space 180224K, 100% used [0x00000000e0000000,0x00000000eb000000,0x00000000eb000000)
  from space 33280K, 45% used [0x00000000eb000000,0x00000000ebec8468,0x00000000ed080000)
  to   space 31744K, 0% used [0x00000000f1080000,0x00000000f1080000,0x00000000f2f80000)
 ParOldGen       total 192512K, used 39809K [0x00000000a0000000, 0x00000000abc00000, 0x00000000e0000000)
  object space 192512K, 20% used [0x00000000a0000000,0x00000000a26e0550,0x00000000abc00000)
 Metaspace       used 100371K, capacity 105406K, committed 105432K, reserved 1140736K
  class space    used 12885K, capacity 13802K, committed 13824K, reserved 1048576K
Event: 7061.198 GC heap after
Heap after GC invocations=28 (full 4):
 PSYoungGen      total 272896K, used 16154K [0x00000000e0000000, 0x00000000f2b00000, 0x0000000100000000)
  eden space 245760K, 0% used [0x00000000e0000000,0x00000000e0000000,0x00000000ef000000)
  from space 27136K, 59% used [0x00000000f1080000,0x00000000f20469a0,0x00000000f2b00000)
  to   space 30208K, 0% used [0x00000000ef000000,0x00000000ef000000,0x00000000f0d80000)
 ParOldGen       total 192512K, used 39817K [0x00000000a0000000, 0x00000000abc00000, 0x00000000e0000000)
  object space 192512K, 20% used [0x00000000a0000000,0x00000000a26e2550,0x00000000abc00000)
 Metaspace       used 100371K, capacity 105406K, committed 105432K, reserved 1140736K
  class space    used 12885K, capacity 13802K, committed 13824K, reserved 1048576K
}
Event: 7412.271 GC heap before
{Heap before GC invocations=29 (full 4):
 PSYoungGen      total 272896K, used 261914K [0x00000000e0000000, 0x00000000f2b00000, 0x0000000100000000)
  eden space 245760K, 100% used [0x00000000e0000000,0x00000000ef000000,0x00000000ef000000)
  from space 27136K, 59% used [0x00000000f1080000,0x00000000f20469a0,0x00000000f2b00000)
  to   space 30208K, 0% used [0x00000000ef000000,0x00000000ef000000,0x00000000f0d80000)
 ParOldGen       total 192512K, used 39817K [0x00000000a0000000, 0x00000000abc00000, 0x00000000e0000000)
  object space 192512K, 20% used [0x00000000a0000000,0x00000000a26e2550,0x00000000abc00000)
 Metaspace       used 100731K, capacity 105872K, committed 106072K, reserved 1140736K
  class space    used 12915K, capacity 13857K, committed 13952K, reserved 1048576K
Event: 7412.372 GC heap after
Heap after GC invocations=29 (full 4):
 PSYoungGen      total 275968K, used 12410K [0x00000000e0000000, 0x00000000f6900000, 0x0000000100000000)
  eden space 245760K, 0% used [0x00000000e0000000,0x00000000e0000000,0x00000000ef000000)
  from space 30208K, 41% used [0x00000000ef000000,0x00000000efc1e9c0,0x00000000f0d80000)
  to   space 29696K, 0% used [0x00000000f4c00000,0x00000000f4c00000,0x00000000f6900000)
 ParOldGen       total 192512K, used 39825K [0x00000000a0000000, 0x00000000abc00000, 0x00000000e0000000)
  object space 192512K, 20% used [0x00000000a0000000,0x00000000a26e4550,0x00000000abc00000)
 Metaspace       used 100731K, capacity 105872K, committed 106072K, reserved 1140736K
  class space    used 12915K, capacity 13857K, committed 13952K, reserved 1048576K
}
Event: 7420.468 GC heap before
{Heap before GC invocations=30 (full 4):
 PSYoungGen      total 275968K, used 258166K [0x00000000e0000000, 0x00000000f6900000, 0x0000000100000000)
  eden space 245760K, 99% used [0x00000000e0000000,0x00000000eefff0f0,0x00000000ef000000)
  from space 30208K, 41% used [0x00000000ef000000,0x00000000efc1e9c0,0x00000000f0d80000)
  to   space 29696K, 0% used [0x00000000f4c00000,0x00000000f4c00000,0x00000000f6900000)
 ParOldGen       total 192512K, used 39825K [0x00000000a0000000, 0x00000000abc00000, 0x00000000e0000000)
  object space 192512K, 20% used [0x00000000a0000000,0x00000000a26e4550,0x00000000abc00000)
 Metaspace       used 101498K, capacity 106766K, committed 106840K, reserved 1142784K
  class space    used 12941K, capacity 13902K, committed 13952K, reserved 1048576K
Event: 7420.502 GC heap after
Heap after GC invocations=30 (full 4):
 PSYoungGen      total 332800K, used 16572K [0x00000000e0000000, 0x00000000f6480000, 0x0000000100000000)
  eden space 307712K, 0% used [0x00000000e0000000,0x00000000e0000000,0x00000000f2c80000)
  from space 25088K, 66% used [0x00000000f4c00000,0x00000000f5c2f258,0x00000000f6480000)
  to   space 28672K, 0% used [0x00000000f2c80000,0x00000000f2c80000,0x00000000f4880000)
 ParOldGen       total 192512K, used 39833K [0x00000000a0000000, 0x00000000abc00000, 0x00000000e0000000)
  object space 192512K, 20% used [0x00000000a0000000,0x00000000a26e6550,0x00000000abc00000)
 Metaspace       used 101498K, capacity 106766K, committed 106840K, reserved 1142784K
  class space    used 12941K, capacity 13902K, committed 13952K, reserved 1048576K
}
Event: 7428.405 GC heap before
{Heap before GC invocations=31 (full 4):
 PSYoungGen      total 332800K, used 324284K [0x00000000e0000000, 0x00000000f6480000, 0x0000000100000000)
  eden space 307712K, 100% used [0x00000000e0000000,0x00000000f2c80000,0x00000000f2c80000)
  from space 25088K, 66% used [0x00000000f4c00000,0x00000000f5c2f258,0x00000000f6480000)
  to   space 28672K, 0% used [0x00000000f2c80000,0x00000000f2c80000,0x00000000f4880000)
 ParOldGen       total 192512K, used 39833K [0x00000000a0000000, 0x00000000abc00000, 0x00000000e0000000)
  object space 192512K, 20% used [0x00000000a0000000,0x00000000a26e6550,0x00000000abc00000)
 Metaspace       used 102415K, capacity 107772K, committed 107992K, reserved 1142784K
  class space    used 12997K, capacity 14009K, committed 14080K, reserved 1048576K
Event: 7428.565 GC heap after
Heap after GC invocations=31 (full 4):
 PSYoungGen      total 336384K, used 28642K [0x00000000e0000000, 0x00000000fbb00000, 0x0000000100000000)
  eden space 307712K, 0% used [0x00000000e0000000,0x00000000e0000000,0x00000000f2c80000)
  from space 28672K, 99% used [0x00000000f2c80000,0x00000000f4878800,0x00000000f4880000)
  to   space 35328K, 0% used [0x00000000f9880000,0x00000000f9880000,0x00000000fbb00000)
 ParOldGen       total 192512K, used 49118K [0x00000000a0000000, 0x00000000abc00000, 0x00000000e0000000)
  object space 192512K, 25% used [0x00000000a0000000,0x00000000a2ff7a48,0x00000000abc00000)
 Metaspace       used 102415K, capacity 107772K, committed 107992K, reserved 1142784K
  class space    used 12997K, capacity 14009K, committed 14080K, reserved 1048576K
}
Event: 8854.431 GC heap before
{Heap before GC invocations=32 (full 4):
 PSYoungGen      total 336384K, used 336354K [0x00000000e0000000, 0x00000000fbb00000, 0x0000000100000000)
  eden space 307712K, 100% used [0x00000000e0000000,0x00000000f2c80000,0x00000000f2c80000)
  from space 28672K, 99% used [0x00000000f2c80000,0x00000000f4878800,0x00000000f4880000)
  to   space 35328K, 0% used [0x00000000f9880000,0x00000000f9880000,0x00000000fbb00000)
 ParOldGen       total 192512K, used 49118K [0x00000000a0000000, 0x00000000abc00000, 0x00000000e0000000)
  object space 192512K, 25% used [0x00000000a0000000,0x00000000a2ff7a48,0x00000000abc00000)
 Metaspace       used 102973K, capacity 108502K, committed 108760K, reserved 1144832K
  class space    used 13056K, capacity 14064K, committed 14080K, reserved 1048576K
Event: 8854.593 GC heap after
Heap after GC invocations=32 (full 4):
 PSYoungGen      total 407040K, used 15378K [0x00000000e0000000, 0x00000000fb480000, 0x0000000100000000)
  eden space 378368K, 0% used [0x00000000e0000000,0x00000000e0000000,0x00000000f7180000)
  from space 28672K, 53% used [0x00000000f9880000,0x00000000fa784bc8,0x00000000fb480000)
  to   space 34304K, 0% used [0x00000000f7180000,0x00000000f7180000,0x00000000f9300000)
 ParOldGen       total 192512K, used 50463K [0x00000000a0000000, 0x00000000abc00000, 0x00000000e0000000)
  object space 192512K, 26% used [0x00000000a0000000,0x00000000a3147e90,0x00000000abc00000)
 Metaspace       used 102973K, capacity 108502K, committed 108760K, reserved 1144832K
  class space    used 13056K, capacity 14064K, committed 14080K, reserved 1048576K
}

